2023-01-27 11:11:58 INFO  SecurityConfig:41 - Configuration complete
2023-01-27 11:12:08 INFO  AdminApiController:40 - started
2023-01-27 11:12:53 INFO  SecurityConfig:41 - Configuration complete
2023-01-27 11:13:25 INFO  AdminApiController:40 - started
2023-01-27 11:19:05 INFO  SecurityConfig:41 - Configuration complete
2023-01-27 11:19:32 INFO  SecurityConfig:41 - Configuration complete
2023-01-27 12:00:00 ERROR TaskUtils$LoggingErrorHandler:95 - Unexpected error occurred in scheduled task.
java.time.format.DateTimeParseException: Text '2023/01/27 00:00:00' could not be parsed at index 4
	at java.time.format.DateTimeFormatter.parseResolved0(DateTimeFormatter.java:1949)
	at java.time.format.DateTimeFormatter.parse(DateTimeFormatter.java:1851)
	at java.time.LocalDateTime.parse(LocalDateTime.java:492)
	at com.increff.store.dto.ReportDto.createDailyReport(ReportDto.java:47)
	at com.increff.store.scheduler.ReportScheduler.createDailyReport(ReportScheduler.java:19)
	at sun.reflect.NativeMethodAccessorImpl.invoke0(Native Method)
	at sun.reflect.NativeMethodAccessorImpl.invoke(NativeMethodAccessorImpl.java:62)
	at sun.reflect.DelegatingMethodAccessorImpl.invoke(DelegatingMethodAccessorImpl.java:43)
	at java.lang.reflect.Method.invoke(Method.java:498)
	at org.springframework.scheduling.support.ScheduledMethodRunnable.run(ScheduledMethodRunnable.java:65)
	at org.springframework.scheduling.support.DelegatingErrorHandlingRunnable.run(DelegatingErrorHandlingRunnable.java:54)
	at org.springframework.scheduling.concurrent.ReschedulingRunnable.run(ReschedulingRunnable.java:81)
	at java.util.concurrent.Executors$RunnableAdapter.call(Executors.java:511)
	at java.util.concurrent.FutureTask.run(FutureTask.java:266)
	at java.util.concurrent.ScheduledThreadPoolExecutor$ScheduledFutureTask.access$201(ScheduledThreadPoolExecutor.java:180)
	at java.util.concurrent.ScheduledThreadPoolExecutor$ScheduledFutureTask.run(ScheduledThreadPoolExecutor.java:293)
	at java.util.concurrent.ThreadPoolExecutor.runWorker(ThreadPoolExecutor.java:1149)
	at java.util.concurrent.ThreadPoolExecutor$Worker.run(ThreadPoolExecutor.java:624)
	at java.lang.Thread.run(Thread.java:750)
